380509776981 - ua - 26066024
----
380981776948 - ua - 26149967
----
380981776948 - ua - PROVIDER ERROR
----
380950739267 - ua - 26152148
----
380977572777 - ua - 26155997
----
380992525730 - ua - 26195086
----
380984106595 - ua - 26347169
----
380974088720 - ua - 26347288
----
380638784472 - ua - PROVIDER ERROR
----
375447586828 - by - 26405368
----
380505046204 - ua - 26414810
----
380985893223 - ua - 26423872
----
380985893223 - ua - PROVIDER ERROR
----
380970983055 - ua - 26454290
----
380956487403 - ua - 26471228
----
380956487403 - ua - PROVIDER ERROR
----
375447596875 - by - 26520435
----
380937146620 - ua - PROVIDER ERROR
----
380937146620 - ua - PROVIDER ERROR
----
380987709491 - ua - 26703197
----
380683781571 - ua - 26760235
----
380971397832 - ua - 26786255
----
380968282084 - ua - 26788116
----
375293737274 - by - 26810194
----
375295676767 - by - 26881689
----
380507031654 - ua - 26936976
----
380999478582 - ua - 26940695
----
380950961622 - ua - 26982919
----
380950961622 - ua - PROVIDER ERROR
----
380950967622 - ua - 26983079
----
380950961622 - ua - PROVIDER ERROR
----
380977638305 - ua - 27149180
----
380981201978 - ua - 27194568
----
380508867825 - ua - 27197860
----
380508867825 - ua - PROVIDER ERROR
----
380976518052 - ua - 27201314
----
380677909687 - ua - 
----
380993323610 - ua - 27266465
----
380957953374 - ua - 27335913
----
380999064469 - ua - 27370963
----
380999064469 - ua - PROVIDER ERROR
----
375259092811 - by - 27442678
----
375259092811 - by - PROVIDER ERROR
----
380500863226 - ua - 27444026
----
37529 - by - PROVIDER ERROR
----
375257015161 - by - 27493284
----
375292886282 - by - 27583851
----
375292222877 - by - 27612461
----
380501234567 - ua - 27632994
----
380950920780 - ua - 27673164
----
380678014557 - ua - 27691704
----
380986440549 - ua - 27710913
----
380986440549 - ua - PROVIDER ERROR
----
380668424212 - ua - 27762128
----
380956097630 - ua - 27959460
----
380675350515 - ua - 27982503
----
380008896756 - ua - PROVIDER ERROR
----
380668424212 - ua - 28045200
----
380669318084 - ua - 28071210
----
380980182625 - ua - 28106853
----
380972784116 - ua - 28252596
----
375336648815 - by - 28352881
----
380930651135 - ua - PROVIDER ERROR
----
380996066789 - ua - 28447492
----
380668102251 - ua - 28536996
----
380977729719 - ua - PROVIDER ERROR
----
380632349122 - ua - PROVIDER ERROR
----
380632349122 - ua - PROVIDER ERROR
----
380632349122 - ua - PROVIDER ERROR
----
375296626624 - by - 28900798
----
380994809544 - ua - 28924498
----
380679113893 - ua - 29111909
----
380679113893 - ua - PROVIDER ERROR
----
380983786233 - ua - 29162901
----
380777400059 - ua - PROVIDER ERROR
----
380994273922 - ua - 29239379
----
380992545972 - ua - 29380420
----
380973135376 - ua - 29470522
----
380973135377 - ua - 29470537
----
380972144535 - ua - 29480051
----
380669105164 - ua - 29520399
----
380684756933 - ua - PROVIDER ERROR
----
380639447725 - ua - PROVIDER ERROR
----
380125232646 - ua - PROVIDER ERROR
----
380669369377 - ua - 29962713
----
380678632835 - ua - 29989165
----
380684231087 - ua - 30008470
----
380543443707 - ua - PROVIDER ERROR
----
380974112638 - ua - 30090497
----
380999078370 - ua - 30176132
----
380935379318 - ua - PROVIDER ERROR
----
380989114227 - ua - 30182057
----
380994649303 - ua - 30198721
----
375293277897 - by - 30219401
----
380662730491 - ua - 30344997
----
380939282129 - ua - PROVIDER ERROR
----
3751655411 - by - PROVIDER ERROR
----
380939828838 - ua - PROVIDER ERROR
----
380936800977 - ua - PROVIDER ERROR
----
380956636084 - ua - 30607392
----
380501234567 - ua - 30607437
----
380969983347 - ua - 30693871
----
380958936359 - ua - 30705129
----
380768563090 - ua - PROVIDER ERROR
----
380964201236 - ua - 30865772
----
375257484040 - by - 30871025
----
375257484040 - by - PROVIDER ERROR
----
375257484040 - by - PROVIDER ERROR
----
375257484040 - by - PROVIDER ERROR
----
380976109989 - ua - 31233545
----
